0 info it worked if it ends with ok
1 verbose cli [ '/usr/bin/node', '/usr/bin/npm', 'install', 'parse/node' ]
2 info using npm@3.5.2
3 info using node@v8.10.0
4 verbose config Skipping project config: /home/guliver/.npmrc. (matches userconfig)
5 silly loadCurrentTree Starting
6 silly install loadCurrentTree
7 silly install readLocalPackageData
8 silly fetchPackageMetaData parse/node
9 silly fetchOtherPackageData parse/node
10 silly cache add args [ 'parse/node', null ]
11 verbose cache add spec parse/node
12 silly cache add parsed spec Result {
12 silly cache add   raw: 'parse/node',
12 silly cache add   scope: null,
12 silly cache add   name: null,
12 silly cache add   rawSpec: 'parse/node',
12 silly cache add   spec: 'github:parse/node',
12 silly cache add   type: 'hosted',
12 silly cache add   hosted:
12 silly cache add    { type: 'github',
12 silly cache add      ssh: 'git@github.com:parse/node.git',
12 silly cache add      sshUrl: 'git+ssh://git@github.com/parse/node.git',
12 silly cache add      httpsUrl: 'git+https://github.com/parse/node.git',
12 silly cache add      gitUrl: 'git://github.com/parse/node.git',
12 silly cache add      shortcut: 'github:parse/node',
12 silly cache add      directUrl: 'https://raw.githubusercontent.com/parse/node/master/package.json' } }
13 verbose addRemoteGit caching parse/node
14 verbose addRemoteGit parse/node is a repository hosted by github
15 silly tryGitProto attempting to clone git://github.com/parse/node.git
16 silly tryClone cloning parse/node via git://github.com/parse/node.git
17 verbose tryClone git-github-com-parse-node-git-249d013c not in flight; caching
18 info git [ 'config', '--get', 'remote.origin.url' ]
19 warn addRemoteGit Error: Command failed: git config --get remote.origin.url
19 warn addRemoteGit
19 warn addRemoteGit     at ChildProcess.exithandler (child_process.js:275:12)
19 warn addRemoteGit     at emitTwo (events.js:126:13)
19 warn addRemoteGit     at ChildProcess.emit (events.js:214:7)
19 warn addRemoteGit     at maybeClose (internal/child_process.js:925:16)
19 warn addRemoteGit     at Socket.stream.socket.on (internal/child_process.js:346:11)
19 warn addRemoteGit     at emitOne (events.js:116:13)
19 warn addRemoteGit     at Socket.emit (events.js:211:7)
19 warn addRemoteGit     at Pipe._handle.close [as _onclose] (net.js:567:12)
19 warn addRemoteGit  parse/node resetting remote /home/guliver/.npm/_git-remotes/git-github-com-parse-node-git-249d013c because of error: { Error: Command failed: git config --get remote.origin.url
19 warn addRemoteGit
19 warn addRemoteGit     at ChildProcess.exithandler (child_process.js:275:12)
19 warn addRemoteGit     at emitTwo (events.js:126:13)
19 warn addRemoteGit     at ChildProcess.emit (events.js:214:7)
19 warn addRemoteGit     at maybeClose (internal/child_process.js:925:16)
19 warn addRemoteGit     at Socket.stream.socket.on (internal/child_process.js:346:11)
19 warn addRemoteGit     at emitOne (events.js:116:13)
19 warn addRemoteGit     at Socket.emit (events.js:211:7)
19 warn addRemoteGit     at Pipe._handle.close [as _onclose] (net.js:567:12)
19 warn addRemoteGit   killed: false,
19 warn addRemoteGit   code: 1,
19 warn addRemoteGit   signal: null,
19 warn addRemoteGit   cmd: 'git config --get remote.origin.url' }
20 info resetRemote resetting /home/guliver/.npm/_git-remotes/git-github-com-parse-node-git-249d013c for parse/node
21 silly gentlyRm /home/guliver/.npm/_git-remotes/git-github-com-parse-node-git-249d013c is being purged
22 verbose gentlyRm don't care about contents; nuking /home/guliver/.npm/_git-remotes/git-github-com-parse-node-git-249d013c
23 silly vacuum-fs purging /home/guliver/.npm/_git-remotes/git-github-com-parse-node-git-249d013c
24 silly vacuum-fs quitting because other entries in /home/guliver/.npm/_git-remotes
25 info git [ 'clone',
25 info git   '--template=/home/guliver/.npm/_git-remotes/_templates',
25 info git   '--mirror',
25 info git   'git://github.com/parse/node.git',
25 info git   '/home/guliver/.npm/_git-remotes/git-github-com-parse-node-git-249d013c' ]
26 error git clone --template=/home/guliver/.npm/_git-remotes/_templates --mirror git://github.com/parse/node.git /home/guliver/.npm/_git-remotes/git-github-com-parse-node-git-249d013c: Cloning into bare repository '/home/guliver/.npm/_git-remotes/git-github-com-parse-node-git-249d013c'...
26 error git clone --template=/home/guliver/.npm/_git-remotes/_templates --mirror git://github.com/parse/node.git /home/guliver/.npm/_git-remotes/git-github-com-parse-node-git-249d013c: fatal: remote error:
26 error git clone --template=/home/guliver/.npm/_git-remotes/_templates --mirror git://github.com/parse/node.git /home/guliver/.npm/_git-remotes/git-github-com-parse-node-git-249d013c:   Repository not found.
27 silly tryHTTPS attempting to clone git+https://github.com/parse/node.git
28 silly tryClone cloning parse/node via git+https://github.com/parse/node.git
29 verbose tryClone git-https-github-com-parse-node-git-981b8805 not in flight; caching
30 info git [ 'config', '--get', 'remote.origin.url' ]
31 warn addRemoteGit Error: Command failed: git config --get remote.origin.url
31 warn addRemoteGit
31 warn addRemoteGit     at ChildProcess.exithandler (child_process.js:275:12)
31 warn addRemoteGit     at emitTwo (events.js:126:13)
31 warn addRemoteGit     at ChildProcess.emit (events.js:214:7)
31 warn addRemoteGit     at maybeClose (internal/child_process.js:925:16)
31 warn addRemoteGit     at Socket.stream.socket.on (internal/child_process.js:346:11)
31 warn addRemoteGit     at emitOne (events.js:116:13)
31 warn addRemoteGit     at Socket.emit (events.js:211:7)
31 warn addRemoteGit     at Pipe._handle.close [as _onclose] (net.js:567:12)
31 warn addRemoteGit  parse/node resetting remote /home/guliver/.npm/_git-remotes/git-https-github-com-parse-node-git-981b8805 because of error: { Error: Command failed: git config --get remote.origin.url
31 warn addRemoteGit
31 warn addRemoteGit     at ChildProcess.exithandler (child_process.js:275:12)
31 warn addRemoteGit     at emitTwo (events.js:126:13)
31 warn addRemoteGit     at ChildProcess.emit (events.js:214:7)
31 warn addRemoteGit     at maybeClose (internal/child_process.js:925:16)
31 warn addRemoteGit     at Socket.stream.socket.on (internal/child_process.js:346:11)
31 warn addRemoteGit     at emitOne (events.js:116:13)
31 warn addRemoteGit     at Socket.emit (events.js:211:7)
31 warn addRemoteGit     at Pipe._handle.close [as _onclose] (net.js:567:12)
31 warn addRemoteGit   killed: false,
31 warn addRemoteGit   code: 1,
31 warn addRemoteGit   signal: null,
31 warn addRemoteGit   cmd: 'git config --get remote.origin.url' }
32 info resetRemote resetting /home/guliver/.npm/_git-remotes/git-https-github-com-parse-node-git-981b8805 for parse/node
33 silly gentlyRm /home/guliver/.npm/_git-remotes/git-https-github-com-parse-node-git-981b8805 is being purged
34 verbose gentlyRm don't care about contents; nuking /home/guliver/.npm/_git-remotes/git-https-github-com-parse-node-git-981b8805
35 silly vacuum-fs purging /home/guliver/.npm/_git-remotes/git-https-github-com-parse-node-git-981b8805
36 silly vacuum-fs quitting because other entries in /home/guliver/.npm/_git-remotes
37 info git [ 'clone',
37 info git   '--template=/home/guliver/.npm/_git-remotes/_templates',
37 info git   '--mirror',
37 info git   'https://github.com/parse/node.git',
37 info git   '/home/guliver/.npm/_git-remotes/git-https-github-com-parse-node-git-981b8805' ]
38 error git clone --template=/home/guliver/.npm/_git-remotes/_templates --mirror https://github.com/parse/node.git /home/guliver/.npm/_git-remotes/git-https-github-com-parse-node-git-981b8805: Cloning into bare repository '/home/guliver/.npm/_git-remotes/git-https-github-com-parse-node-git-981b8805'...
38 error git clone --template=/home/guliver/.npm/_git-remotes/_templates --mirror https://github.com/parse/node.git /home/guliver/.npm/_git-remotes/git-https-github-com-parse-node-git-981b8805: remote: Invalid username or password.
38 error git clone --template=/home/guliver/.npm/_git-remotes/_templates --mirror https://github.com/parse/node.git /home/guliver/.npm/_git-remotes/git-https-github-com-parse-node-git-981b8805: fatal: Authentication failed for 'https://github.com/parse/node.git/'
39 silly trySSH attempting to clone git@github.com:parse/node.git
40 silly tryClone cloning parse/node via git@github.com:parse/node.git
41 verbose tryClone git-github-com-parse-node-git-93e4345c not in flight; caching
42 info git [ 'config', '--get', 'remote.origin.url' ]
43 warn addRemoteGit Error: Command failed: git config --get remote.origin.url
43 warn addRemoteGit
43 warn addRemoteGit     at ChildProcess.exithandler (child_process.js:275:12)
43 warn addRemoteGit     at emitTwo (events.js:126:13)
43 warn addRemoteGit     at ChildProcess.emit (events.js:214:7)
43 warn addRemoteGit     at maybeClose (internal/child_process.js:925:16)
43 warn addRemoteGit     at Socket.stream.socket.on (internal/child_process.js:346:11)
43 warn addRemoteGit     at emitOne (events.js:116:13)
43 warn addRemoteGit     at Socket.emit (events.js:211:7)
43 warn addRemoteGit     at Pipe._handle.close [as _onclose] (net.js:567:12)
43 warn addRemoteGit  parse/node resetting remote /home/guliver/.npm/_git-remotes/git-github-com-parse-node-git-93e4345c because of error: { Error: Command failed: git config --get remote.origin.url
43 warn addRemoteGit
43 warn addRemoteGit     at ChildProcess.exithandler (child_process.js:275:12)
43 warn addRemoteGit     at emitTwo (events.js:126:13)
43 warn addRemoteGit     at ChildProcess.emit (events.js:214:7)
43 warn addRemoteGit     at maybeClose (internal/child_process.js:925:16)
43 warn addRemoteGit     at Socket.stream.socket.on (internal/child_process.js:346:11)
43 warn addRemoteGit     at emitOne (events.js:116:13)
43 warn addRemoteGit     at Socket.emit (events.js:211:7)
43 warn addRemoteGit     at Pipe._handle.close [as _onclose] (net.js:567:12)
43 warn addRemoteGit   killed: false,
43 warn addRemoteGit   code: 1,
43 warn addRemoteGit   signal: null,
43 warn addRemoteGit   cmd: 'git config --get remote.origin.url' }
44 info resetRemote resetting /home/guliver/.npm/_git-remotes/git-github-com-parse-node-git-93e4345c for parse/node
45 silly gentlyRm /home/guliver/.npm/_git-remotes/git-github-com-parse-node-git-93e4345c is being purged
46 verbose gentlyRm don't care about contents; nuking /home/guliver/.npm/_git-remotes/git-github-com-parse-node-git-93e4345c
47 silly vacuum-fs purging /home/guliver/.npm/_git-remotes/git-github-com-parse-node-git-93e4345c
48 silly vacuum-fs quitting because other entries in /home/guliver/.npm/_git-remotes
49 info git [ 'clone',
49 info git   '--template=/home/guliver/.npm/_git-remotes/_templates',
49 info git   '--mirror',
49 info git   'git@github.com:parse/node.git',
49 info git   '/home/guliver/.npm/_git-remotes/git-github-com-parse-node-git-93e4345c' ]
50 error git clone --template=/home/guliver/.npm/_git-remotes/_templates --mirror git@github.com:parse/node.git /home/guliver/.npm/_git-remotes/git-github-com-parse-node-git-93e4345c: Cloning into bare repository '/home/guliver/.npm/_git-remotes/git-github-com-parse-node-git-93e4345c'...
50 error git clone --template=/home/guliver/.npm/_git-remotes/_templates --mirror git@github.com:parse/node.git /home/guliver/.npm/_git-remotes/git-github-com-parse-node-git-93e4345c: Warning: Permanently added the RSA host key for IP address '140.82.118.4' to the list of known hosts.
50 error git clone --template=/home/guliver/.npm/_git-remotes/_templates --mirror git@github.com:parse/node.git /home/guliver/.npm/_git-remotes/git-github-com-parse-node-git-93e4345c: git@github.com: Permission denied (publickey).
50 error git clone --template=/home/guliver/.npm/_git-remotes/_templates --mirror git@github.com:parse/node.git /home/guliver/.npm/_git-remotes/git-github-com-parse-node-git-93e4345c: fatal: Could not read from remote repository.
50 error git clone --template=/home/guliver/.npm/_git-remotes/_templates --mirror git@github.com:parse/node.git /home/guliver/.npm/_git-remotes/git-github-com-parse-node-git-93e4345c:
50 error git clone --template=/home/guliver/.npm/_git-remotes/_templates --mirror git@github.com:parse/node.git /home/guliver/.npm/_git-remotes/git-github-com-parse-node-git-93e4345c: Please make sure you have the correct access rights
50 error git clone --template=/home/guliver/.npm/_git-remotes/_templates --mirror git@github.com:parse/node.git /home/guliver/.npm/_git-remotes/git-github-com-parse-node-git-93e4345c: and the repository exists.
51 silly fetchPackageMetaData Error: Command failed: git clone --template=/home/guliver/.npm/_git-remotes/_templates --mirror git@github.com:parse/node.git /home/guliver/.npm/_git-remotes/git-github-com-parse-node-git-93e4345c
51 silly fetchPackageMetaData Cloning into bare repository '/home/guliver/.npm/_git-remotes/git-github-com-parse-node-git-93e4345c'...
51 silly fetchPackageMetaData Warning: Permanently added the RSA host key for IP address '140.82.118.4' to the list of known hosts.
51 silly fetchPackageMetaData git@github.com: Permission denied (publickey).
51 silly fetchPackageMetaData fatal: Could not read from remote repository.
51 silly fetchPackageMetaData
51 silly fetchPackageMetaData Please make sure you have the correct access rights
51 silly fetchPackageMetaData and the repository exists.
51 silly fetchPackageMetaData
51 silly fetchPackageMetaData     at ChildProcess.exithandler (child_process.js:275:12)
51 silly fetchPackageMetaData     at emitTwo (events.js:126:13)
51 silly fetchPackageMetaData     at ChildProcess.emit (events.js:214:7)
51 silly fetchPackageMetaData     at maybeClose (internal/child_process.js:925:16)
51 silly fetchPackageMetaData     at Process.ChildProcess._handle.onexit (internal/child_process.js:209:5)
51 silly fetchPackageMetaData  error for parse/node { Error: Command failed: git clone --template=/home/guliver/.npm/_git-remotes/_templates --mirror git@github.com:parse/node.git /home/guliver/.npm/_git-remotes/git-github-com-parse-node-git-93e4345c
51 silly fetchPackageMetaData Cloning into bare repository '/home/guliver/.npm/_git-remotes/git-github-com-parse-node-git-93e4345c'...
51 silly fetchPackageMetaData Warning: Permanently added the RSA host key for IP address '140.82.118.4' to the list of known hosts.
51 silly fetchPackageMetaData git@github.com: Permission denied (publickey).
51 silly fetchPackageMetaData fatal: Could not read from remote repository.
51 silly fetchPackageMetaData
51 silly fetchPackageMetaData Please make sure you have the correct access rights
51 silly fetchPackageMetaData and the repository exists.
51 silly fetchPackageMetaData
51 silly fetchPackageMetaData     at ChildProcess.exithandler (child_process.js:275:12)
51 silly fetchPackageMetaData     at emitTwo (events.js:126:13)
51 silly fetchPackageMetaData     at ChildProcess.emit (events.js:214:7)
51 silly fetchPackageMetaData     at maybeClose (internal/child_process.js:925:16)
51 silly fetchPackageMetaData     at Process.ChildProcess._handle.onexit (internal/child_process.js:209:5)
51 silly fetchPackageMetaData   killed: false,
51 silly fetchPackageMetaData   code: 128,
51 silly fetchPackageMetaData   signal: null,
51 silly fetchPackageMetaData   cmd: 'git clone --template=/home/guliver/.npm/_git-remotes/_templates --mirror git@github.com:parse/node.git /home/guliver/.npm/_git-remotes/git-github-com-parse-node-git-93e4345c' }
52 silly rollbackFailedOptional Starting
53 silly rollbackFailedOptional Finishing
54 silly runTopLevelLifecycles Starting
55 silly runTopLevelLifecycles Finishing
56 silly install printInstalled
57 verbose stack Error: Command failed: git clone --template=/home/guliver/.npm/_git-remotes/_templates --mirror git@github.com:parse/node.git /home/guliver/.npm/_git-remotes/git-github-com-parse-node-git-93e4345c
57 verbose stack Cloning into bare repository '/home/guliver/.npm/_git-remotes/git-github-com-parse-node-git-93e4345c'...
57 verbose stack Warning: Permanently added the RSA host key for IP address '140.82.118.4' to the list of known hosts.
57 verbose stack git@github.com: Permission denied (publickey).
57 verbose stack fatal: Could not read from remote repository.
57 verbose stack
57 verbose stack Please make sure you have the correct access rights
57 verbose stack and the repository exists.
57 verbose stack
57 verbose stack     at ChildProcess.exithandler (child_process.js:275:12)
57 verbose stack     at emitTwo (events.js:126:13)
57 verbose stack     at ChildProcess.emit (events.js:214:7)
57 verbose stack     at maybeClose (internal/child_process.js:925:16)
57 verbose stack     at Process.ChildProcess._handle.onexit (internal/child_process.js:209:5)
58 verbose cwd /home/guliver/workingD/Lapinsimu
59 error Linux 4.15.0-39-generic
60 error argv "/usr/bin/node" "/usr/bin/npm" "install" "parse/node"
61 error node v8.10.0
62 error npm  v3.5.2
63 error code 128
64 error Command failed: git clone --template=/home/guliver/.npm/_git-remotes/_templates --mirror git@github.com:parse/node.git /home/guliver/.npm/_git-remotes/git-github-com-parse-node-git-93e4345c
64 error Cloning into bare repository '/home/guliver/.npm/_git-remotes/git-github-com-parse-node-git-93e4345c'...
64 error Warning: Permanently added the RSA host key for IP address '140.82.118.4' to the list of known hosts.
64 error git@github.com: Permission denied (publickey).
64 error fatal: Could not read from remote repository.
64 error
64 error Please make sure you have the correct access rights
64 error and the repository exists.
65 error If you need help, you may report this error at:
65 error     <https://github.com/npm/npm/issues>
66 verbose exit [ 1, true ]
